=== Started 2017-10-17T17-51-39-914 ===
[INFO ][17:51:40] 419 bad words loaded
[WARN ][17:51:40] User account "Local Administrator" disabled
[WARN ][17:51:40] User account "Local Moderator" disabled
[WARN ][17:51:40] User account "Local User" disabled
[INFO ][17:51:40] 0 user records loaded.
[INFO ][17:51:40] 0 IP ban records loaded.
[INFO ][17:51:40] [1m[32mMultiOgar-Edited 1.6.1[37m - An open source multi-protocol ogar server[0m
[INFO ][17:51:40] WebSocket: ws
[INFO ][17:51:42] Started stats server on port 88
[INFO ][17:51:42] Listening on port 443
[INFO ][17:51:42] Current game mode is Free For All
[NONE ][17:51:43]   __  __       _ _   _  ___                        _____    _ _ _           _    _   __    _ 
 |  \/  |_   _| | |_(_)/ _ \  __ _  __ _ _ __     | ____|__| (_) |_ ___  __| |  / | / /_  / |
 | |\/| | | | | | __| | | | |/ _` |/ _` | '__|____|  _| / _` | | __/ _ \/ _` |  | || '_ \ | |
 | |  | | |_| | | |_| | |_| | (_| | (_| | | |_____| |__| (_| | | ||  __/ (_| |  | || (_) || |
 |_|  |_|\__,_|_|\__|_|\___/ \__, |\__,_|_|       |_____\__,_|_|\__\___|\__,_|  |_(_)___(_)_|
                             |___/                                                           
[NONE ][17:51:46] CONNECTED 127.0.0.1:50203, origin: "http://agar.io"
[NONE ][17:51:52] DISCONNECTED 127.0.0.1:50203, code: 1006, reason: "undefined", name: ""
