=== Started 2016-11-25T13-13-06-822 ===
[INFO ][13:13:06] [1m[32mMultiOgar-Edited 1.3.5[37m - An open source multi-protocol ogar server[0m
[INFO ][13:13:06] 0 IP ban records loaded.
[WARN ][13:13:06] User account "Local Administrator" disabled
[WARN ][13:13:06] User account "Local Moderator" disabled
[WARN ][13:13:06] User account "Local User" disabled
[INFO ][13:13:06] 0 user records loaded.
[INFO ][13:13:06] 25 bad words loaded
[WARN ][13:13:06] TLS: not supported (SSL certificate not found!)
[INFO ][13:13:06] WebSocket: ws
[INFO ][13:13:06] Started stats server on port 88
[INFO ][13:13:06] Listening on port 443
[INFO ][13:13:06] Current game mode is Free For All
[NONE ][13:13:07]  Player has joined the server!
[NONE ][13:13:07] CONNECTED    127.0.0.1:59043, origin: "http://agar.io"
[NONE ][13:13:09] DISCONNECTED 127.0.0.1:59043, code: 1000, reason: "", name: ""
[NONE ][13:13:10]  Player has joined the server!
[NONE ][13:13:10] CONNECTED    127.0.0.1:59045, origin: "http://agar.io"
[NONE ][13:13:13] >minion 1 300
[NONE ][13:13:16] >addbot 1000
[NONE ][13:13:17] Added 1000 player bots
[NONE ][13:13:19] >minion 1 1000
