=== Started 2016-11-24T23-47-19-775 ===
[INFO ][23:47:19] [1m[32mMultiOgar-Edited 1.3.5[37m - An open source multi-protocol ogar server[0m
[INFO ][23:47:19] 0 IP ban records loaded.
[WARN ][23:47:19] User account "Local Administrator" disabled
[WARN ][23:47:19] User account "Local Moderator" disabled
[WARN ][23:47:19] User account "Local User" disabled
[INFO ][23:47:19] 0 user records loaded.
[INFO ][23:47:19] 25 bad words loaded
[WARN ][23:47:19] TLS: not supported (SSL certificate not found!)
[INFO ][23:47:19] WebSocket: ws
[INFO ][23:47:19] Started stats server on port 88
[INFO ][23:47:19] Listening on port 443
[INFO ][23:47:19] Current game mode is Free For All
[NONE ][23:47:19]  Player has joined the server!
[NONE ][23:47:19] CONNECTED    127.0.0.1:56237, origin: "http://agar.io"
[NONE ][23:47:29] >minion 1 300 < >
[NONE ][23:47:29] Added 300 minions for ༄Ⓖ༄ CGF
[NONE ][23:47:39] >addbot 50
[NONE ][23:47:39] Added 50 player bots
[NONE ][23:49:18] DISCONNECTED 127.0.0.1:56237, code: 1006, reason: "", name: "༄Ⓖ༄ CGF"
[NONE ][23:49:25] >minion 1 1000
[NONE ][23:49:25] Added 1000 minions for ༄Ⓖ༄ CGF
[NONE ][23:49:25]  Player has joined the server!
[NONE ][23:49:25] CONNECTED    127.0.0.1:56262, origin: "http://agar.io"
[NONE ][23:49:31] DISCONNECTED 127.0.0.1:56262, code: 1001, reason: "", name: "༄Ⓖ༄ CGF"
