=== Started 2016-11-27T00-10-28-661 ===
[INFO ][00:10:28] [1m[32mMultiOgar-Edited 1.3.5[37m - An open source multi-protocol ogar server[0m
[INFO ][00:10:28] 0 IP ban records loaded.
[WARN ][00:10:28] User account "Local Administrator" disabled
[WARN ][00:10:28] User account "Local Moderator" disabled
[WARN ][00:10:28] User account "Local User" disabled
[INFO ][00:10:28] 0 user records loaded.
[INFO ][00:10:28] 25 bad words loaded
[WARN ][00:10:28] TLS: not supported (SSL certificate not found!)
[INFO ][00:10:28] WebSocket: ws
[INFO ][00:10:28] Started stats server on port 88
[INFO ][00:10:28] Listening on port 443
[INFO ][00:10:28] Current game mode is Free For All
[NONE ][00:10:29]  Player has joined the server!
[NONE ][00:10:29] CONNECTED    127.0.0.1:53690, origin: "http://agar.io"
[NONE ][00:10:32]  Player has joined the server!
[NONE ][00:10:32] CONNECTED    127.0.0.1:53692, origin: "http://agar.io"
[NONE ][00:10:38] >minion 1 5000 <fly>
[NONE ][00:10:38] Added 5000 minions for An unnamed cell
[NONE ][00:10:47] DISCONNECTED 127.0.0.1:53692, code: 1006, reason: "undefined", name: "CGF"
[NONE ][00:10:47] DISCONNECTED 127.0.0.1:53690, code: 1006, reason: "undefined", name: ""
