=== Started 2016-11-26T22-18-12-370 ===
[INFO ][22:18:12] [1m[32mMultiOgar-Edited 1.3.5[37m - An open source multi-protocol ogar server[0m
[INFO ][22:18:12] 0 IP ban records loaded.
[WARN ][22:18:12] User account "Local Administrator" disabled
[WARN ][22:18:12] User account "Local Moderator" disabled
[WARN ][22:18:12] User account "Local User" disabled
[INFO ][22:18:12] 0 user records loaded.
[INFO ][22:18:12] 25 bad words loaded
[WARN ][22:18:12] TLS: not supported (SSL certificate not found!)
[INFO ][22:18:12] WebSocket: ws
[INFO ][22:18:12] Started stats server on port 88
[INFO ][22:18:12] Listening on port 443
[INFO ][22:18:12] Current game mode is Free For All
[NONE ][22:18:12]  Player has joined the server!
[NONE ][22:18:12] CONNECTED    127.0.0.1:50362, origin: "http://agar.io"
[NONE ][22:18:15] >minion 1 300
[NONE ][22:18:15] Added 300 minions for An unnamed cell
[NONE ][22:18:15]  Player has joined the server!
[NONE ][22:18:15] CONNECTED    127.0.0.1:50364, origin: "http://agar.io"
[NONE ][22:18:17]  Player has joined the server!
[NONE ][22:18:17] CONNECTED    127.0.0.1:50366, origin: "http://agar.io"
