=== Started 2016-11-26T01-14-06-948 ===
[INFO ][01:14:06] [1m[32mMultiOgar-Edited 1.3.5[37m - An open source multi-protocol ogar server[0m
[INFO ][01:14:06] 0 IP ban records loaded.
[WARN ][01:14:06] User account "Local Administrator" disabled
[WARN ][01:14:06] User account "Local Moderator" disabled
[WARN ][01:14:06] User account "Local User" disabled
[INFO ][01:14:06] 0 user records loaded.
[INFO ][01:14:07] 25 bad words loaded
[WARN ][01:14:07] TLS: not supported (SSL certificate not found!)
[INFO ][01:14:07] WebSocket: ws
[INFO ][01:14:07] Started stats server on port 88
[INFO ][01:14:07] Listening on port 443
[INFO ][01:14:07] Current game mode is Free For All
[NONE ][01:14:08]  Player has joined the server!
[NONE ][01:14:08] CONNECTED    127.0.0.1:61948, origin: "http://agar.io"
[NONE ][01:14:25] >minion 1 600 <CGF>
[NONE ][01:14:25] Added 600 minions for An unnamed cell
[NONE ][01:30:52] >minion 1 300 <CGF>
[NONE ][01:30:52] Added 300 minions for ༄Ⓖ༄ CGF
[NONE ][01:31:00] >killall
[NONE ][01:31:00] Removed 914 cells
[NONE ][01:50:24] >killall
[NONE ][01:50:24] Removed 904 cells
