=== Started 2016-11-26T01-07-40-532 ===
[INFO ][01:07:40] [1m[32mMultiOgar-Edited 1.3.5[37m - An open source multi-protocol ogar server[0m
[INFO ][01:07:40] 0 IP ban records loaded.
[WARN ][01:07:40] User account "Local Administrator" disabled
[WARN ][01:07:40] User account "Local Moderator" disabled
[WARN ][01:07:40] User account "Local User" disabled
[INFO ][01:07:40] 0 user records loaded.
[INFO ][01:07:40] 25 bad words loaded
[WARN ][01:07:40] TLS: not supported (SSL certificate not found!)
[INFO ][01:07:40] WebSocket: ws
[INFO ][01:07:40] Started stats server on port 88
[INFO ][01:07:40] Listening on port 443
[INFO ][01:07:40] Current game mode is Free For All
[NONE ][01:07:40]  Player has joined the server!
[NONE ][01:07:40] CONNECTED    127.0.0.1:61671, origin: "http://agar.io"
[NONE ][01:07:46]  Player has joined the server!
[NONE ][01:07:46] CONNECTED    127.0.0.1:61673, origin: "http://agar.io"
[NONE ][01:07:56] >minion 1 600 <CGF>
[NONE ][01:07:56] Added 600 minions for An unnamed cell
[NONE ][01:08:41] DISCONNECTED 127.0.0.1:61673, code: 1006, reason: "", name: "༄Ⓖ༄ CGF"
[NONE ][01:08:41] DISCONNECTED 127.0.0.1:61671, code: 1006, reason: "", name: ""
