=== Started 2016-11-25T13-10-48-511 ===
[INFO ][13:10:48] [1m[32mMultiOgar-Edited 1.3.5[37m - An open source multi-protocol ogar server[0m
[INFO ][13:10:48] 0 IP ban records loaded.
[WARN ][13:10:48] User account "Local Administrator" disabled
[WARN ][13:10:48] User account "Local Moderator" disabled
[WARN ][13:10:48] User account "Local User" disabled
[INFO ][13:10:48] 0 user records loaded.
[INFO ][13:10:48] 25 bad words loaded
[WARN ][13:10:48] TLS: not supported (SSL certificate not found!)
[INFO ][13:10:48] WebSocket: ws
[INFO ][13:10:48] Started stats server on port 88
[INFO ][13:10:48] Listening on port 443
[INFO ][13:10:48] Current game mode is Free For All
[NONE ][13:10:48]  Player has joined the server!
[NONE ][13:10:48] CONNECTED    127.0.0.1:58911, origin: "http://agar.io"
[NONE ][13:10:53] DISCONNECTED 127.0.0.1:58911, code: 1000, reason: "", name: ""
[NONE ][13:10:54]  Player has joined the server!
[NONE ][13:10:54] CONNECTED    127.0.0.1:58913, origin: "http://agar.io"
[NONE ][13:10:54] >addbot 30
[NONE ][13:10:54] Added 30 player bots
[NONE ][13:10:59] >minion 1 300 < >
[NONE ][13:11:04] >sfdbfbwththw
[WARN ][13:11:04] Invalid Command!
