=== Started 2016-11-26T21-41-49-254 ===
[INFO ][21:41:49] [1m[32mMultiOgar-Edited 1.3.5[37m - An open source multi-protocol ogar server[0m
[INFO ][21:41:49] 0 IP ban records loaded.
[WARN ][21:41:49] User account "Local Administrator" disabled
[WARN ][21:41:49] User account "Local Moderator" disabled
[WARN ][21:41:49] User account "Local User" disabled
[INFO ][21:41:49] 0 user records loaded.
[INFO ][21:41:49] 25 bad words loaded
[WARN ][21:41:49] TLS: not supported (SSL certificate not found!)
[INFO ][21:41:49] WebSocket: ws
[INFO ][21:41:49] Started stats server on port 88
[INFO ][21:41:49] Listening on port 443
[INFO ][21:41:49] Current game mode is Free For All
[NONE ][21:41:49]  Player has joined the server!
[NONE ][21:41:49] CONNECTED    127.0.0.1:65346, origin: "http://agar.io"
[NONE ][21:41:53]  Player has joined the server!
[NONE ][21:41:53] CONNECTED    127.0.0.1:65350, origin: "http://agar.io"
[NONE ][21:41:57] >MINION 1 300 <CGFFAN>
[NONE ][21:41:57] Added 300 minions for An unnamed cell
[NONE ][21:42:09] DISCONNECTED 127.0.0.1:65346, code: 1006, reason: "", name: ""
[NONE ][21:42:09] DISCONNECTED 127.0.0.1:65350, code: 1006, reason: "", name: "CGF"
