=== Started 2016-11-25T01-54-31-824 ===
[INFO ][01:54:31] [1m[32mMultiOgar-Edited 1.3.5[37m - An open source multi-protocol ogar server[0m
[INFO ][01:54:31] 0 IP ban records loaded.
[WARN ][01:54:31] User account "Local Administrator" disabled
[WARN ][01:54:31] User account "Local Moderator" disabled
[WARN ][01:54:31] User account "Local User" disabled
[INFO ][01:54:31] 0 user records loaded.
[INFO ][01:54:31] 25 bad words loaded
[WARN ][01:54:31] TLS: not supported (SSL certificate not found!)
[INFO ][01:54:31] WebSocket: ws
[INFO ][01:54:31] Started stats server on port 88
[INFO ][01:54:31] Listening on port 443
[INFO ][01:54:31] Current game mode is Free For All
[NONE ][01:54:32]  Player has joined the server!
[NONE ][01:54:32] CONNECTED    127.0.0.1:57691, origin: "http://agar.io"
[NONE ][01:54:36] DISCONNECTED 127.0.0.1:57691, code: 1000, reason: "", name: ""
[NONE ][01:54:38]  Player has joined the server!
[NONE ][01:54:38] CONNECTED    127.0.0.1:57693, origin: "http://agar.io"
[NONE ][01:54:52] >minion 1 200 < >
[NONE ][01:54:55] >minion 1 200
[NONE ][01:54:59] >addbot 1000000
