=== Started 2016-11-25T01-55-12-896 ===
[INFO ][01:55:12] [1m[32mMultiOgar-Edited 1.3.5[37m - An open source multi-protocol ogar server[0m
[INFO ][01:55:12] 0 IP ban records loaded.
[WARN ][01:55:12] User account "Local Administrator" disabled
[WARN ][01:55:12] User account "Local Moderator" disabled
[WARN ][01:55:12] User account "Local User" disabled
[INFO ][01:55:12] 0 user records loaded.
[INFO ][01:55:12] 25 bad words loaded
[WARN ][01:55:12] TLS: not supported (SSL certificate not found!)
[INFO ][01:55:12] WebSocket: ws
[INFO ][01:55:13] Started stats server on port 88
[INFO ][01:55:13] Listening on port 443
[INFO ][01:55:13] Current game mode is Free For All
[NONE ][01:55:13]  Player has joined the server!
[NONE ][01:55:13] CONNECTED    127.0.0.1:57718, origin: "http://agar.io"
[NONE ][01:55:25] >minion 1 600 < >
[NONE ][01:55:25] Added 600 minions for An unnamed cell
[NONE ][01:55:44] >addbot 70
[NONE ][01:55:44] Added 70 player bots
[NONE ][02:20:04] >RESTART
[WARN ][02:20:04] Invalid Command!
[NONE ][02:20:10] >restart server
[WARN ][02:20:10] Invalid Command!
[NONE ][02:20:14] >shutdown
[WARN ][02:20:14] Invalid Command!
