=== Started 2016-11-26T22-19-39-941 ===
[INFO ][22:19:39] [1m[32mMultiOgar-Edited 1.3.5[37m - An open source multi-protocol ogar server[0m
[INFO ][22:19:39] 0 IP ban records loaded.
[WARN ][22:19:40] User account "Local Administrator" disabled
[WARN ][22:19:40] User account "Local Moderator" disabled
[WARN ][22:19:40] User account "Local User" disabled
[INFO ][22:19:40] 0 user records loaded.
[INFO ][22:19:40] 25 bad words loaded
[WARN ][22:19:40] TLS: not supported (SSL certificate not found!)
[INFO ][22:19:40] WebSocket: ws
[INFO ][22:19:40] Started stats server on port 88
[INFO ][22:19:40] Listening on port 443
[INFO ][22:19:40] Current game mode is Free For All
[NONE ][22:19:40]  Player has joined the server!
[NONE ][22:19:40] CONNECTED    127.0.0.1:50413, origin: "http://agar.io"
[NONE ][22:19:41]  Player has joined the server!
[NONE ][22:19:41] CONNECTED    127.0.0.1:50415, origin: "http://agar.io"
[NONE ][22:19:42]  Player has joined the server!
[NONE ][22:19:42] CONNECTED    127.0.0.1:50417, origin: "http://agar.io"
[NONE ][22:19:44]  Player has joined the server!
[NONE ][22:19:44] CONNECTED    127.0.0.1:50419, origin: "http://agar.io"
[NONE ][22:19:52] >minion 1 300 cgfagario.tk
[NONE ][22:19:53] Added 300 minions for An unnamed cell
