=== Started 2016-11-25T00-01-03-610 ===
[INFO ][00:01:03] [1m[32mMultiOgar-Edited 1.3.5[37m - An open source multi-protocol ogar server[0m
[INFO ][00:01:03] 0 IP ban records loaded.
[WARN ][00:01:03] User account "Local Administrator" disabled
[WARN ][00:01:03] User account "Local Moderator" disabled
[WARN ][00:01:03] User account "Local User" disabled
[INFO ][00:01:03] 0 user records loaded.
[INFO ][00:01:03] 25 bad words loaded
[WARN ][00:01:03] TLS: not supported (SSL certificate not found!)
[INFO ][00:01:03] WebSocket: ws
[INFO ][00:01:03] Started stats server on port 88
[INFO ][00:01:03] Listening on port 443
[INFO ][00:01:03] Current game mode is Free For All
[NONE ][00:01:04]  Player has joined the server!
[NONE ][00:01:04] CONNECTED    127.0.0.1:56902, origin: "http://agar.io"
[NONE ][00:01:07] >minion 1 300 < >
[NONE ][00:01:07] Added 300 minions for An unnamed cell
[NONE ][00:01:08] DISCONNECTED 127.0.0.1:56902, code: 1000, reason: "", name: ""
[NONE ][00:01:08]  Player has joined the server!
[NONE ][00:01:08] CONNECTED    127.0.0.1:56906, origin: "http://agar.io"
[NONE ][00:01:18] >minion 1 1000000
[NONE ][00:01:22] >minion 1 100
