=== Started 2016-11-24T23-46-06-829 ===
[INFO ][23:46:06] [1m[32mMultiOgar-Edited 1.3.5[37m - An open source multi-protocol ogar server[0m
[INFO ][23:46:06] 0 IP ban records loaded.
[WARN ][23:46:06] User account "Local Administrator" disabled
[WARN ][23:46:06] User account "Local Moderator" disabled
[WARN ][23:46:06] User account "Local User" disabled
[INFO ][23:46:06] 0 user records loaded.
[INFO ][23:46:06] 25 bad words loaded
[WARN ][23:46:06] TLS: not supported (SSL certificate not found!)
[INFO ][23:46:06] WebSocket: ws
[INFO ][23:46:06] Started stats server on port 88
[INFO ][23:46:06] Listening on port 443
[INFO ][23:46:06] Current game mode is Free For All
[NONE ][23:46:23]  Player has joined the server!
[NONE ][23:46:23] CONNECTED    127.0.0.1:56191, origin: "http://agar.io"
[NONE ][23:46:37] DISCONNECTED 127.0.0.1:56191, code: 1006, reason: "", name: ""
[NONE ][23:46:42]  Player has joined the server!
[NONE ][23:46:42] CONNECTED    127.0.0.1:56217, origin: "http://agar.io"
[NONE ][23:46:49] >minion 1 300 < >
[NONE ][23:46:59] >addbot 50
[NONE ][23:46:59] Added 50 player bots
[NONE ][23:47:03] >minion 1 300 < >
[NONE ][23:47:11] >minion 1 300 <raga.pw>
