=== Started 2016-11-27T21-11-44-890 ===
[INFO ][21:11:44] [1m[32mMultiOgar-Edited 1.3.5[37m - An open source multi-protocol ogar server[0m
[INFO ][21:11:44] 0 IP ban records loaded.
[WARN ][21:11:44] User account "Local Administrator" disabled
[WARN ][21:11:44] User account "Local Moderator" disabled
[WARN ][21:11:44] User account "Local User" disabled
[INFO ][21:11:44] 0 user records loaded.
[INFO ][21:11:44] 25 bad words loaded
[WARN ][21:11:44] TLS: not supported (SSL certificate not found!)
[INFO ][21:11:44] WebSocket: ws
[INFO ][21:11:44] Started stats server on port 88
[INFO ][21:11:45] Listening on port 443
[INFO ][21:11:45] Current game mode is Free For All
[NONE ][21:11:46]  Player has joined the server!
[NONE ][21:11:46] CONNECTED    127.0.0.1:56026, origin: "http://agar.io"
[NONE ][21:12:08] >minion 1 100 Raga.pw
[NONE ][21:12:08] Added 100 minions for CGF
[NONE ][21:13:09] >minion 1 \
[NONE ][21:13:09] Succesfully removed minions for CGF
[NONE ][21:13:11] >killall
[NONE ][21:13:11] Removed 16 cells
[NONE ][21:13:21] >minion 1 10 cgfagario.tk
[NONE ][21:13:21] Added 10 minions for CGF
[NONE ][21:14:04] >minion 1 90 cgfagario.tk
[NONE ][21:14:04] Added 90 minions for CGF
