=== Started 2016-11-26T22-50-19-174 ===
[INFO ][22:50:19] [1m[32mMultiOgar-Edited 1.3.5[37m - An open source multi-protocol ogar server[0m
[INFO ][22:50:19] 0 IP ban records loaded.
[WARN ][22:50:19] User account "Local Administrator" disabled
[WARN ][22:50:19] User account "Local Moderator" disabled
[WARN ][22:50:19] User account "Local User" disabled
[INFO ][22:50:19] 0 user records loaded.
[INFO ][22:50:19] 25 bad words loaded
[WARN ][22:50:19] TLS: not supported (SSL certificate not found!)
[INFO ][22:50:19] WebSocket: ws
[INFO ][22:50:19] Started stats server on port 88
[INFO ][22:50:19] Listening on port 443
[INFO ][22:50:19] Current game mode is Free For All
[NONE ][22:50:22]  Player has joined the server!
[NONE ][22:50:22] CONNECTED    127.0.0.1:51662, origin: "http://agar.io"
[NONE ][22:50:34] >minion 1 300 cgfagario.tk
[NONE ][22:50:35] Added 300 minions for An unnamed cell
[NONE ][22:50:48] >addbot 70
[NONE ][22:50:48] Added 70 player bots
[NONE ][23:23:27] DISCONNECTED 127.0.0.1:51662, code: 1006, reason: "undefined", name: "CGF"
