=== Started 2016-11-27T21-15-44-763 ===
[INFO ][21:15:44] [1m[32mMultiOgar-Edited 1.3.5[37m - An open source multi-protocol ogar server[0m
[INFO ][21:15:44] 0 IP ban records loaded.
[WARN ][21:15:44] User account "Local Administrator" disabled
[WARN ][21:15:44] User account "Local Moderator" disabled
[WARN ][21:15:44] User account "Local User" disabled
[INFO ][21:15:44] 0 user records loaded.
[INFO ][21:15:44] 25 bad words loaded
[WARN ][21:15:44] TLS: not supported (SSL certificate not found!)
[INFO ][21:15:44] WebSocket: ws
[INFO ][21:15:44] Started stats server on port 88
[INFO ][21:15:44] Listening on port 443
[INFO ][21:15:44] Current game mode is Free For All
[NONE ][21:15:45]  Player has joined the server!
[NONE ][21:15:45] CONNECTED    127.0.0.1:56117, origin: "http://agar.io"
[NONE ][21:15:47]  Player has joined the server!
[NONE ][21:15:47] CONNECTED    127.0.0.1:56120, origin: "http://agar.io"
[NONE ][21:15:49]  Player has joined the server!
[NONE ][21:15:49] CONNECTED    127.0.0.1:56122, origin: "http://agar.io"
[NONE ][21:15:55] >minion 1 100 cgfagario
[NONE ][21:15:55] Added 100 minions for An unnamed cell
