=== Started 2016-11-26T01-13-49-323 ===
[INFO ][01:13:49] [1m[32mMultiOgar-Edited 1.3.5[37m - An open source multi-protocol ogar server[0m
[INFO ][01:13:49] 0 IP ban records loaded.
[WARN ][01:13:49] User account "Local Administrator" disabled
[WARN ][01:13:49] User account "Local Moderator" disabled
[WARN ][01:13:49] User account "Local User" disabled
[INFO ][01:13:49] 0 user records loaded.
[INFO ][01:13:49] 25 bad words loaded
[WARN ][01:13:49] TLS: not supported (SSL certificate not found!)
[INFO ][01:13:49] WebSocket: ws
[INFO ][01:13:49] Started stats server on port 88
[INFO ][01:13:49] Listening on port 443
[INFO ][01:13:49] Current game mode is Free For All
[NONE ][01:13:49]  Player has joined the server!
[NONE ][01:13:49] CONNECTED    127.0.0.1:61924, origin: "http://agar.io"
[NONE ][01:13:51] DISCONNECTED 127.0.0.1:61924, code: 1000, reason: "", name: ""
[NONE ][01:13:52]  Player has joined the server!
[NONE ][01:13:52] CONNECTED    127.0.0.1:61926, origin: "http://agar.io"
[NONE ][01:13:53] >minion 1 30
[NONE ][01:14:01] >minion 1 700
