=== Started 2016-11-26T01-13-19-678 ===
[INFO ][01:13:19] [1m[32mMultiOgar-Edited 1.3.5[37m - An open source multi-protocol ogar server[0m
[INFO ][01:13:19] 0 IP ban records loaded.
[WARN ][01:13:19] User account "Local Administrator" disabled
[WARN ][01:13:19] User account "Local Moderator" disabled
[WARN ][01:13:19] User account "Local User" disabled
[INFO ][01:13:19] 0 user records loaded.
[INFO ][01:13:19] 25 bad words loaded
[WARN ][01:13:19] TLS: not supported (SSL certificate not found!)
[INFO ][01:13:19] WebSocket: ws
[INFO ][01:13:19] Started stats server on port 88
[INFO ][01:13:19] Listening on port 443
[INFO ][01:13:19] Current game mode is Free For All
[NONE ][01:13:21]  Player has joined the server!
[NONE ][01:13:21] CONNECTED    127.0.0.1:61890, origin: "http://agar.io"
[NONE ][01:13:22] DISCONNECTED 127.0.0.1:61890, code: 1006, reason: "", name: ""
[NONE ][01:13:30]  Player has joined the server!
[NONE ][01:13:30] CONNECTED    127.0.0.1:61920, origin: "http://agar.io"
[NONE ][01:13:35] >minion 1 700 <CGF>
[NONE ][01:13:36] >
[NONE ][01:13:37] >
[NONE ][01:13:37] >
[NONE ][01:13:37] >
[NONE ][01:13:37] >
[NONE ][01:13:37] >
[NONE ][01:13:38] >
[NONE ][01:13:38] >
[NONE ][01:13:39] >help
[NONE ][01:13:39] ======================== HELP ======================
[NONE ][01:13:39] addbot [number]              : adds bots to the server
[NONE ][01:13:39] kickbot [number]             : kick a number of bots
[NONE ][01:13:39] ban [PlayerID | IP]          : bans a(n) (player's) IP
[NONE ][01:13:39] banlist                      : get list of banned IPs.
[NONE ][01:13:39] board [string] [string] ...  : set scoreboard text
[NONE ][01:13:39] change [setting] [value]     : change specified settings
[NONE ][01:13:39] clear                        : clear console output
[NONE ][01:13:39] color [PlayerID] [R] [G] [B] : set cell(s) color by client ID
[NONE ][01:13:39] exit                         : stop the server
[NONE ][01:13:39] kick [PlayerID]              : kick player or bot by client ID
[NONE ][01:13:39] kickall                      : kick all players and bots
[NONE ][01:13:39] mute [PlayerID]              : mute player (block chat messages from him)
[NONE ][01:13:39] unmute [PlayerID]            : unmute player (allow chat messages from him)
[NONE ][01:13:39] kill [PlayerID]              : kill cell(s) by client ID
[NONE ][01:13:39] killall                      : kill everyone
[NONE ][01:13:39] mass [PlayerID] [mass]       : set cell(s) mass by client ID
[NONE ][01:13:39] merge [PlayerID]             : merge all client's cells once
[NONE ][01:13:39] name [PlayerID] [name]       : change cell(s) name by client ID
[NONE ][01:13:39] playerlist                   : get list of players and bots
[NONE ][01:13:39] pause                        : pause game , freeze all cells
[NONE ][01:13:39] reload                       : reload config
[NONE ][01:13:39] status                       : get server status
[NONE ][01:13:39] unban [IP]                   : unban an IP
[NONE ][01:13:39] minion [PlayerID] [#] [name] : adds suicide minions to the server
[NONE ][01:13:39] spawnmass [PlayerID] [mass]  : sets players spawn mass
[NONE ][01:13:39] freeze [PlayerID]            : freezes a player
[NONE ][01:13:39] speed [PlayerID]             : sets a players base speed
[NONE ][01:13:39] rec [PlayerID]               : puts a player in rec mode
[NONE ][01:13:39] st                           : alias for status
[NONE ][01:13:39] pl                           : alias for playerlist
[NONE ][01:13:39] m                            : alias for mass
[NONE ][01:13:39] sm                           : alias for spawnmass
[NONE ][01:13:39] ka                           : alias for killall
[NONE ][01:13:39] k                            : alias for kill
[NONE ][01:13:39] mg                           : alias for merge
[NONE ][01:13:39] s                            : alias for speed
[NONE ][01:13:39] ====================================================
[NONE ][01:13:41] >minion 1 500\
[NONE ][01:13:45] >minion 1 500
