=== Started 2016-11-27T00-12-18-022 ===
[INFO ][00:12:18] [1m[32mMultiOgar-Edited 1.3.5[37m - An open source multi-protocol ogar server[0m
[INFO ][00:12:18] 0 IP ban records loaded.
[WARN ][00:12:18] User account "Local Administrator" disabled
[WARN ][00:12:18] User account "Local Moderator" disabled
[WARN ][00:12:18] User account "Local User" disabled
[INFO ][00:12:18] 0 user records loaded.
[INFO ][00:12:18] 25 bad words loaded
[WARN ][00:12:18] TLS: not supported (SSL certificate not found!)
[INFO ][00:12:18] WebSocket: ws
[INFO ][00:12:18] Started stats server on port 88
[INFO ][00:12:18] Listening on port 443
[INFO ][00:12:18] Current game mode is Free For All
[NONE ][00:12:18]  Player has joined the server!
[NONE ][00:12:18] CONNECTED    127.0.0.1:53777, origin: "http://agar.io"
[NONE ][00:12:23]  Player has joined the server!
[NONE ][00:12:23] CONNECTED    127.0.0.1:53779, origin: "http://agar.io"
[NONE ][00:12:30] >minion 1 5000 CGFBOTSAREGOD
[NONE ][00:12:30] Added 5000 minions for An unnamed cell
[NONE ][00:12:37] DISCONNECTED 127.0.0.1:53777, code: 1006, reason: "undefined", name: ""
[NONE ][00:12:37] DISCONNECTED 127.0.0.1:53779, code: 1006, reason: "undefined", name: "CGF"
