=== Started 2016-11-26T01-07-00-930 ===
[INFO ][01:07:01] [1m[32mMultiOgar-Edited 1.3.5[37m - An open source multi-protocol ogar server[0m
[INFO ][01:07:01] 0 IP ban records loaded.
[WARN ][01:07:01] User account "Local Administrator" disabled
[WARN ][01:07:01] User account "Local Moderator" disabled
[WARN ][01:07:01] User account "Local User" disabled
[INFO ][01:07:01] 0 user records loaded.
[INFO ][01:07:01] 25 bad words loaded
[WARN ][01:07:01] TLS: not supported (SSL certificate not found!)
[INFO ][01:07:01] WebSocket: ws
[INFO ][01:07:01] Started stats server on port 88
[INFO ][01:07:01] Listening on port 443
[INFO ][01:07:01] Current game mode is Free For All
[NONE ][01:07:01]  Player has joined the server!
[NONE ][01:07:01] CONNECTED    127.0.0.1:61651, origin: "http://agar.io"
[NONE ][01:07:05]  Player has joined the server!
[NONE ][01:07:05] CONNECTED    127.0.0.1:61653, origin: "http://agar.io"
[NONE ][01:07:10] >minion 1 500 <CGF>
[NONE ][01:07:10] Added 500 minions for An unnamed cell
[NONE ][01:07:34] DISCONNECTED 127.0.0.1:61651, code: 1006, reason: "", name: ""
[NONE ][01:07:34] DISCONNECTED 127.0.0.1:61653, code: 1006, reason: "", name: "༄Ⓖ༄ CGF"
