=== Started 2016-11-27T00-12-43-724 ===
[INFO ][00:12:43] [1m[32mMultiOgar-Edited 1.3.5[37m - An open source multi-protocol ogar server[0m
[INFO ][00:12:43] 0 IP ban records loaded.
[WARN ][00:12:43] User account "Local Administrator" disabled
[WARN ][00:12:43] User account "Local Moderator" disabled
[WARN ][00:12:43] User account "Local User" disabled
[INFO ][00:12:43] 0 user records loaded.
[INFO ][00:12:43] 25 bad words loaded
[WARN ][00:12:43] TLS: not supported (SSL certificate not found!)
[INFO ][00:12:43] WebSocket: ws
[INFO ][00:12:43] Started stats server on port 88
[INFO ][00:12:43] Listening on port 443
[INFO ][00:12:43] Current game mode is Free For All
[NONE ][00:12:43]  Player has joined the server!
[NONE ][00:12:43] CONNECTED    127.0.0.1:53802, origin: "http://agar.io"
[NONE ][00:12:49]  Player has joined the server!
[NONE ][00:12:49] CONNECTED    127.0.0.1:53805, origin: "http://agar.io"
[NONE ][00:13:12] >minion 1 1000 CGFISTHEGOD
[NONE ][00:13:12] Added 1000 minions for An unnamed cell
[NONE ][00:13:25] DISCONNECTED 127.0.0.1:53805, code: 1006, reason: "", name: "CGF"
[NONE ][00:13:25] DISCONNECTED 127.0.0.1:53802, code: 1006, reason: "", name: ""
