=== Started 2016-11-25T01-51-08-970 ===
[INFO ][01:51:08] [1m[32mMultiOgar-Edited 1.3.5[37m - An open source multi-protocol ogar server[0m
[INFO ][01:51:09] 0 IP ban records loaded.
[WARN ][01:51:09] User account "Local Administrator" disabled
[WARN ][01:51:09] User account "Local Moderator" disabled
[WARN ][01:51:09] User account "Local User" disabled
[INFO ][01:51:09] 0 user records loaded.
[INFO ][01:51:09] 25 bad words loaded
[WARN ][01:51:09] TLS: not supported (SSL certificate not found!)
[INFO ][01:51:09] WebSocket: ws
[INFO ][01:51:09] Started stats server on port 88
[INFO ][01:51:09] Listening on port 443
[INFO ][01:51:09] Current game mode is Free For All
[NONE ][01:51:09]  Player has joined the server!
[NONE ][01:51:09] CONNECTED    127.0.0.1:57542, origin: "http://agar.io"
[NONE ][01:51:10] DISCONNECTED 127.0.0.1:57542, code: 1000, reason: "", name: ""
[NONE ][01:51:11]  Player has joined the server!
[NONE ][01:51:11] CONNECTED    127.0.0.1:57544, origin: "http://agar.io"
[NONE ][01:51:12] DISCONNECTED 127.0.0.1:57544, code: 1000, reason: "", name: ""
[NONE ][01:51:12]  Player has joined the server!
[NONE ][01:51:12] CONNECTED    127.0.0.1:57546, origin: "http://agar.io"
[NONE ][01:51:13] DISCONNECTED 127.0.0.1:57546, code: 1000, reason: "", name: ""
[NONE ][01:51:14]  Player has joined the server!
[NONE ][01:51:14] CONNECTED    127.0.0.1:57548, origin: "http://agar.io"
[NONE ][01:51:18] >minion 1 600 < >
[NONE ][01:51:18] >
[NONE ][01:51:19] >
[NONE ][01:51:19] >
[NONE ][01:51:19] >
[NONE ][01:51:19] >
[NONE ][01:51:19] >
[NONE ][01:51:19] >
[NONE ][01:51:20] >tf
[WARN ][01:51:20] Invalid Command!
[NONE ][01:51:25] >addbot 40
[NONE ][01:51:25] Added 40 player bots
[NONE ][01:51:37] >minion 1 100
