=== Started 2016-11-26T23-50-53-380 ===
[INFO ][23:50:53] [1m[32mMultiOgar-Edited 1.3.5[37m - An open source multi-protocol ogar server[0m
[INFO ][23:50:53] 0 IP ban records loaded.
[WARN ][23:50:53] User account "Local Administrator" disabled
[WARN ][23:50:53] User account "Local Moderator" disabled
[WARN ][23:50:53] User account "Local User" disabled
[INFO ][23:50:53] 0 user records loaded.
[INFO ][23:50:53] 25 bad words loaded
[WARN ][23:50:53] TLS: not supported (SSL certificate not found!)
[INFO ][23:50:53] WebSocket: ws
[INFO ][23:50:53] Started stats server on port 88
[INFO ][23:50:53] Listening on port 443
[INFO ][23:50:53] Current game mode is Free For All
[NONE ][23:50:54]  Player has joined the server!
[NONE ][23:50:54] CONNECTED    127.0.0.1:53476, origin: "http://agar.io"
[NONE ][23:50:59] >minion 1 1000 Raga.pw
[NONE ][23:50:59] Added 1000 minions for An unnamed cell
[NONE ][23:52:03] >MINION 1 4000 RAGA
[NONE ][23:52:03] Added 4000 minions for CGF
[NONE ][23:52:34] >minion 1
[NONE ][23:52:34] Succesfully removed minions for CGF
[NONE ][23:52:44] >minion 1 1000 Raga.pw
[NONE ][23:52:44] Added 1000 minions for CGF
[NONE ][00:08:36] DISCONNECTED 127.0.0.1:53476, code: 1006, reason: "", name: "CGF"
